2025-05-11 11:12:04,326 - ERROR - Ошибка загрузки клиентов: no such table: Clients
2025-05-11 11:12:04,326 - ERROR - Ошибка запуска приложения: name 'sqlite3' is not defined
2025-05-11 11:14:29,399 - ERROR - Ошибка загрузки клиентов: no such table: Clients
2025-05-11 11:14:31,961 - ERROR - Ошибка загрузки туров: no such table: Tours
2025-05-11 11:14:34,191 - INFO - База данных инициализирована
2025-05-11 11:14:34,192 - INFO - Приложение инициализировано
2025-05-11 11:15:05,273 - ERROR - Некорректный email: cnondovn
2025-05-11 11:15:14,864 - ERROR - Некорректный телефон: 329-913
2025-05-11 11:15:21,857 - INFO - Добавлен клиент: cfddf, cnondovn@gmail.com, 329913
2025-05-11 11:15:31,154 - INFO - Обновлен клиент ID 1: cfddf, cnondovn@gmail.com, 329913
2025-05-11 13:46:14,403 - ERROR - Ошибка загрузки клиентов: no such table: Clients
2025-05-11 13:46:16,711 - ERROR - Ошибка загрузки туров: no such table: Tours
2025-05-11 13:46:17,660 - INFO - База данных инициализирована
2025-05-11 13:46:17,660 - INFO - Приложение инициализировано
2025-05-11 13:46:25,935 - ERROR - Попытка добавить тур без направления или цены
2025-05-11 14:01:30,064 - ERROR - Ошибка загрузки клиентов: no such column: passport_number
2025-05-11 14:01:32,216 - ERROR - Ошибка загрузки туров: no such column: meal_type
2025-05-11 14:01:33,494 - INFO - База данных инициализирована
2025-05-11 14:01:33,494 - INFO - Приложение инициализировано
2025-05-11 14:03:06,190 - ERROR - Попытка добавить тур без обязательных полей
2025-05-11 14:09:02,394 - ERROR - Попытка добавить бронирование без обязательных полей
2025-05-11 14:09:15,279 - ERROR - Ошибка добавления бронирования: Клиент не найден
2025-05-11 14:09:15,279 - ERROR - Ошибка добавления бронирования: Клиент не найден
2025-05-11 14:10:43,124 - ERROR - Ошибка загрузки клиентов: no such column: passport_number
2025-05-11 14:10:45,710 - ERROR - Ошибка загрузки туров: no such column: meal_type
2025-05-11 14:10:49,922 - INFO - База данных инициализирована
2025-05-11 14:10:49,922 - INFO - Приложение инициализировано
2025-05-11 14:12:10,144 - ERROR - Ошибка загрузки клиентов: no such table: Clients
2025-05-11 14:12:12,928 - ERROR - Ошибка загрузки туров: no such table: Tours
2025-05-11 14:12:15,804 - INFO - База данных инициализирована
2025-05-11 14:12:15,805 - INFO - Приложение инициализировано
2025-05-11 14:12:34,531 - INFO - База данных инициализирована
2025-05-11 14:12:34,531 - INFO - Приложение инициализировано
2025-05-11 14:13:30,170 - INFO - База данных инициализирована
2025-05-11 14:13:30,170 - INFO - Приложение инициализировано
2025-05-11 14:14:13,908 - INFO - База данных инициализирована
2025-05-11 14:14:13,908 - INFO - Приложение инициализировано
2025-05-11 14:14:35,547 - INFO - База данных инициализирована
2025-05-11 14:14:35,547 - INFO - Приложение инициализировано
2025-05-11 14:14:41,499 - INFO - База данных инициализирована
2025-05-11 14:14:41,499 - INFO - Приложение инициализировано
2025-05-11 14:15:13,221 - INFO - База данных инициализирована
2025-05-11 14:15:13,221 - INFO - Приложение инициализировано
2025-05-11 18:39:27,673 - ERROR - Ошибка загрузки клиентов: no such column: manager
2025-05-11 18:39:30,946 - INFO - База данных инициализирована
2025-05-11 18:39:30,947 - INFO - Приложение инициализировано
2025-05-11 18:41:37,340 - ERROR - Ошибка загрузки клиентов: no such table: Clients
2025-05-11 18:41:39,356 - ERROR - Ошибка загрузки туров: no such table: Tours
2025-05-11 18:41:40,853 - INFO - База данных инициализирована
2025-05-11 18:41:40,853 - INFO - Приложение инициализировано
2025-05-13 10:22:58,755 - INFO - База данных инициализирована
2025-05-13 10:22:58,755 - INFO - Приложение инициализировано
2025-05-14 11:25:36,163 - INFO - База данных инициализирована
2025-05-14 11:25:36,163 - INFO - Приложение инициализировано
2025-05-14 11:56:38,876 - INFO - Р‘Р°Р·Р° РґР°РЅРЅС‹С… РёРЅРёС†РёР°Р»РёР·РёСЂРѕРІР°РЅР°
2025-05-14 11:56:38,877 - INFO - РџСЂРёР»РѕР¶РµРЅРёРµ РёРЅРёС†РёР°Р»РёР·РёСЂРѕРІР°РЅРѕ
2025-05-14 11:58:19,107 - INFO - Р”РѕР±Р°РІР»РµРЅ РєР»РёРµРЅС‚: РЁРїРµСЂРєРёРЅ РЎР°РІРІР° Р›СЊРІРѕРІРёС‡, savvashperkin@gmail.com, 89922393070
2025-05-14 12:01:40,796 - INFO - РћС‚С‡РµС‚ СЃС„РѕСЂРјРёСЂРѕРІР°РЅ РІ bookings_report.xlsx
2025-05-14 12:56:45,764 - ERROR - РћС€РёР±РєР° РёРЅРёС†РёР°Р»РёР·Р°С†РёРё Р±Р°Р·С‹ РґР°РЅРЅС‹С…: (psycopg2.OperationalError) connection to server at "localhost" (::1), port 5432 failed: FATAL:  password authentication failed for user "postgres"

(Background on this error at: https://sqlalche.me/e/20/e3q8)
2025-05-14 12:56:45,768 - ERROR - РћС€РёР±РєР° Р·Р°РїСѓСЃРєР° РїСЂРёР»РѕР¶РµРЅРёСЏ: (psycopg2.OperationalError) connection to server at "localhost" (::1), port 5432 failed: FATAL:  password authentication failed for user "postgres"

(Background on this error at: https://sqlalche.me/e/20/e3q8)
2025-05-14 12:59:26,705 - ERROR - РћС€РёР±РєР° РёРЅРёС†РёР°Р»РёР·Р°С†РёРё Р±Р°Р·С‹ РґР°РЅРЅС‹С…: (psycopg2.OperationalError) connection to server at "localhost" (::1), port 5432 failed: FATAL:  password authentication failed for user "postgres"

(Background on this error at: https://sqlalche.me/e/20/e3q8)
2025-05-14 12:59:26,708 - ERROR - РћС€РёР±РєР° Р·Р°РїСѓСЃРєР° РїСЂРёР»РѕР¶РµРЅРёСЏ: (psycopg2.OperationalError) connection to server at "localhost" (::1), port 5432 failed: FATAL:  password authentication failed for user "postgres"

(Background on this error at: https://sqlalche.me/e/20/e3q8)
2025-05-14 12:59:34,580 - ERROR - РћС€РёР±РєР° РёРЅРёС†РёР°Р»РёР·Р°С†РёРё Р±Р°Р·С‹ РґР°РЅРЅС‹С…: (psycopg2.OperationalError) connection to server at "localhost" (::1), port 5432 failed: fe_sendauth: no password supplied

(Background on this error at: https://sqlalche.me/e/20/e3q8)
2025-05-14 12:59:34,581 - ERROR - РћС€РёР±РєР° Р·Р°РїСѓСЃРєР° РїСЂРёР»РѕР¶РµРЅРёСЏ: (psycopg2.OperationalError) connection to server at "localhost" (::1), port 5432 failed: fe_sendauth: no password supplied

(Background on this error at: https://sqlalche.me/e/20/e3q8)
2025-05-14 13:00:19,433 - ERROR - РћС€РёР±РєР° РёРЅРёС†РёР°Р»РёР·Р°С†РёРё Р±Р°Р·С‹ РґР°РЅРЅС‹С…: (psycopg2.OperationalError) connection to server at "localhost" (::1), port 5432 failed: fe_sendauth: no password supplied

(Background on this error at: https://sqlalche.me/e/20/e3q8)
2025-05-14 13:00:19,436 - ERROR - РћС€РёР±РєР° Р·Р°РїСѓСЃРєР° РїСЂРёР»РѕР¶РµРЅРёСЏ: (psycopg2.OperationalError) connection to server at "localhost" (::1), port 5432 failed: fe_sendauth: no password supplied

(Background on this error at: https://sqlalche.me/e/20/e3q8)
2025-05-14 13:00:37,623 - ERROR - РћС€РёР±РєР° РёРЅРёС†РёР°Р»РёР·Р°С†РёРё Р±Р°Р·С‹ РґР°РЅРЅС‹С…: (psycopg2.OperationalError) connection to server at "localhost" (::1), port 5432 failed: fe_sendauth: no password supplied

(Background on this error at: https://sqlalche.me/e/20/e3q8)
2025-05-14 13:00:37,627 - ERROR - РћС€РёР±РєР° Р·Р°РїСѓСЃРєР° РїСЂРёР»РѕР¶РµРЅРёСЏ: (psycopg2.OperationalError) connection to server at "localhost" (::1), port 5432 failed: fe_sendauth: no password supplied

(Background on this error at: https://sqlalche.me/e/20/e3q8)
2025-05-14 13:08:48,499 - ERROR - РћС€РёР±РєР° РёРЅРёС†РёР°Р»РёР·Р°С†РёРё Р±Р°Р·С‹ РґР°РЅРЅС‹С…: (psycopg2.OperationalError) connection to server at "localhost" (::1), port 5432 failed: fe_sendauth: no password supplied

(Background on this error at: https://sqlalche.me/e/20/e3q8)
2025-05-14 13:08:48,504 - ERROR - РћС€РёР±РєР° Р·Р°РїСѓСЃРєР° РїСЂРёР»РѕР¶РµРЅРёСЏ: (psycopg2.OperationalError) connection to server at "localhost" (::1), port 5432 failed: fe_sendauth: no password supplied

(Background on this error at: https://sqlalche.me/e/20/e3q8)
2025-05-14 13:11:20,439 - ERROR - РћС€РёР±РєР° РёРЅРёС†РёР°Р»РёР·Р°С†РёРё Р±Р°Р·С‹ РґР°РЅРЅС‹С…: (psycopg2.OperationalError) connection to server at "localhost" (::1), port 5432 failed: FATAL:  password authentication failed for user "postgres"

(Background on this error at: https://sqlalche.me/e/20/e3q8)
2025-05-14 13:11:20,444 - ERROR - РћС€РёР±РєР° Р·Р°РїСѓСЃРєР° РїСЂРёР»РѕР¶РµРЅРёСЏ: (psycopg2.OperationalError) connection to server at "localhost" (::1), port 5432 failed: FATAL:  password authentication failed for user "postgres"

(Background on this error at: https://sqlalche.me/e/20/e3q8)
2025-05-14 13:11:40,809 - ERROR - РћС€РёР±РєР° РёРЅРёС†РёР°Р»РёР·Р°С†РёРё Р±Р°Р·С‹ РґР°РЅРЅС‹С…: (psycopg2.OperationalError) connection to server at "localhost" (::1), port 5432 failed: FATAL:  password authentication failed for user "postgres"

(Background on this error at: https://sqlalche.me/e/20/e3q8)
2025-05-14 13:11:40,813 - ERROR - РћС€РёР±РєР° Р·Р°РїСѓСЃРєР° РїСЂРёР»РѕР¶РµРЅРёСЏ: (psycopg2.OperationalError) connection to server at "localhost" (::1), port 5432 failed: FATAL:  password authentication failed for user "postgres"

(Background on this error at: https://sqlalche.me/e/20/e3q8)
2025-05-14 13:13:00,986 - ERROR - РћС€РёР±РєР° РёРЅРёС†РёР°Р»РёР·Р°С†РёРё Р±Р°Р·С‹ РґР°РЅРЅС‹С…: (psycopg2.OperationalError) connection to server at "localhost" (::1), port 5432 failed: FATAL:  password authentication failed for user "postgres"

(Background on this error at: https://sqlalche.me/e/20/e3q8)
2025-05-14 13:13:00,991 - ERROR - РћС€РёР±РєР° Р·Р°РїСѓСЃРєР° РїСЂРёР»РѕР¶РµРЅРёСЏ: (psycopg2.OperationalError) connection to server at "localhost" (::1), port 5432 failed: FATAL:  password authentication failed for user "postgres"

(Background on this error at: https://sqlalche.me/e/20/e3q8)
2025-05-14 13:13:06,390 - ERROR - РћС€РёР±РєР° РёРЅРёС†РёР°Р»РёР·Р°С†РёРё Р±Р°Р·С‹ РґР°РЅРЅС‹С…: (psycopg2.OperationalError) connection to server at "localhost" (::1), port 5432 failed: FATAL:  password authentication failed for user "postgres"

(Background on this error at: https://sqlalche.me/e/20/e3q8)
2025-05-14 13:13:06,390 - ERROR - РћС€РёР±РєР° Р·Р°РїСѓСЃРєР° РїСЂРёР»РѕР¶РµРЅРёСЏ: (psycopg2.OperationalError) connection to server at "localhost" (::1), port 5432 failed: FATAL:  password authentication failed for user "postgres"

(Background on this error at: https://sqlalche.me/e/20/e3q8)
2025-05-14 13:21:55,383 - ERROR - РћС€РёР±РєР° РёРЅРёС†РёР°Р»РёР·Р°С†РёРё Р±Р°Р·С‹ РґР°РЅРЅС‹С…: (psycopg2.OperationalError) connection to server at "localhost" (::1), port 5432 failed: FATAL:  password authentication failed for user "postgres"

(Background on this error at: https://sqlalche.me/e/20/e3q8)
2025-05-14 13:21:55,389 - ERROR - РћС€РёР±РєР° Р·Р°РїСѓСЃРєР° РїСЂРёР»РѕР¶РµРЅРёСЏ: (psycopg2.OperationalError) connection to server at "localhost" (::1), port 5432 failed: FATAL:  password authentication failed for user "postgres"

(Background on this error at: https://sqlalche.me/e/20/e3q8)
2025-05-14 13:42:04,378 - ERROR - РћС€РёР±РєР° РёРЅРёС†РёР°Р»РёР·Р°С†РёРё Р±Р°Р·С‹ РґР°РЅРЅС‹С…: (psycopg2.OperationalError) connection to server at "localhost" (::1), port 5432 failed: FATAL:  password authentication failed for user "postgres"

(Background on this error at: https://sqlalche.me/e/20/e3q8)
2025-05-14 13:42:04,380 - ERROR - РћС€РёР±РєР° Р·Р°РїСѓСЃРєР° РїСЂРёР»РѕР¶РµРЅРёСЏ: (psycopg2.OperationalError) connection to server at "localhost" (::1), port 5432 failed: FATAL:  password authentication failed for user "postgres"

(Background on this error at: https://sqlalche.me/e/20/e3q8)
2025-05-14 13:42:24,644 - ERROR - РћС€РёР±РєР° РёРЅРёС†РёР°Р»РёР·Р°С†РёРё Р±Р°Р·С‹ РґР°РЅРЅС‹С…: (psycopg2.OperationalError) connection to server at "localhost" (::1), port 5432 failed: FATAL:  password authentication failed for user "postgres"

(Background on this error at: https://sqlalche.me/e/20/e3q8)
2025-05-14 13:42:24,645 - ERROR - РћС€РёР±РєР° Р·Р°РїСѓСЃРєР° РїСЂРёР»РѕР¶РµРЅРёСЏ: (psycopg2.OperationalError) connection to server at "localhost" (::1), port 5432 failed: FATAL:  password authentication failed for user "postgres"

(Background on this error at: https://sqlalche.me/e/20/e3q8)
2025-05-14 13:42:52,892 - INFO - Р‘Р°Р·Р° РґР°РЅРЅС‹С… РёРЅРёС†РёР°Р»РёР·РёСЂРѕРІР°РЅР°
2025-05-14 13:42:52,893 - INFO - РџСЂРёР»РѕР¶РµРЅРёРµ РёРЅРёС†РёР°Р»РёР·РёСЂРѕРІР°РЅРѕ
2025-05-14 14:14:22,422 - ERROR - РћС€РёР±РєР° Р·Р°РїСѓСЃРєР° РїСЂРёР»РѕР¶РµРЅРёСЏ: 'TravelAgencyApp' object has no attribute 'load_tour_types'
2025-05-14 14:15:54,173 - ERROR - РћС€РёР±РєР° Р·Р°РїСѓСЃРєР° РїСЂРёР»РѕР¶РµРЅРёСЏ: 'TravelAgencyApp' object has no attribute 'load_tour_types'
2025-05-14 14:17:39,353 - INFO - Р‘Р°Р·Р° РґР°РЅРЅС‹С… РёРЅРёС†РёР°Р»РёР·РёСЂРѕРІР°РЅР°
2025-05-14 14:17:39,357 - INFO - РџСЂРёР»РѕР¶РµРЅРёРµ РёРЅРёС†РёР°Р»РёР·РёСЂРѕРІР°РЅРѕ
2025-05-14 14:21:17,288 - INFO - Р‘Р°Р·Р° РґР°РЅРЅС‹С… РёРЅРёС†РёР°Р»РёР·РёСЂРѕРІР°РЅР°
2025-05-14 14:21:17,289 - INFO - РџСЂРёР»РѕР¶РµРЅРёРµ РёРЅРёС†РёР°Р»РёР·РёСЂРѕРІР°РЅРѕ
2025-05-14 14:23:44,312 - INFO - Р‘Р°Р·Р° РґР°РЅРЅС‹С… РёРЅРёС†РёР°Р»РёР·РёСЂРѕРІР°РЅР°
2025-05-14 14:23:44,312 - INFO - РџСЂРёР»РѕР¶РµРЅРёРµ РёРЅРёС†РёР°Р»РёР·РёСЂРѕРІР°РЅРѕ
2025-05-14 14:39:15,420 - INFO - Р‘Р°Р·Р° РґР°РЅРЅС‹С… РёРЅРёС†РёР°Р»РёР·РёСЂРѕРІР°РЅР°
2025-05-14 14:39:15,420 - INFO - РџСЂРёР»РѕР¶РµРЅРёРµ РёРЅРёС†РёР°Р»РёР·РёСЂРѕРІР°РЅРѕ
2025-05-14 14:43:00,116 - INFO - Р‘Р°Р·Р° РґР°РЅРЅС‹С… РёРЅРёС†РёР°Р»РёР·РёСЂРѕРІР°РЅР°
2025-05-14 14:43:00,116 - INFO - РџСЂРёР»РѕР¶РµРЅРёРµ РёРЅРёС†РёР°Р»РёР·РёСЂРѕРІР°РЅРѕ
2025-05-14 14:43:09,724 - INFO - Р‘Р°Р·Р° РґР°РЅРЅС‹С… РёРЅРёС†РёР°Р»РёР·РёСЂРѕРІР°РЅР°
2025-05-14 14:43:09,724 - INFO - РџСЂРёР»РѕР¶РµРЅРёРµ РёРЅРёС†РёР°Р»РёР·РёСЂРѕРІР°РЅРѕ
2025-05-14 14:43:28,361 - INFO - Р‘Р°Р·Р° РґР°РЅРЅС‹С… РёРЅРёС†РёР°Р»РёР·РёСЂРѕРІР°РЅР°
2025-05-14 14:43:28,362 - INFO - РџСЂРёР»РѕР¶РµРЅРёРµ РёРЅРёС†РёР°Р»РёР·РёСЂРѕРІР°РЅРѕ
2025-05-14 16:12:08,442 - INFO - Р‘Р°Р·Р° РґР°РЅРЅС‹С… РёРЅРёС†РёР°Р»РёР·РёСЂРѕРІР°РЅР°
2025-05-14 16:12:08,443 - INFO - РџСЂРёР»РѕР¶РµРЅРёРµ РёРЅРёС†РёР°Р»РёР·РёСЂРѕРІР°РЅРѕ
2025-05-14 16:15:15,880 - INFO - Р‘Р°Р·Р° РґР°РЅРЅС‹С… РёРЅРёС†РёР°Р»РёР·РёСЂРѕРІР°РЅР°
2025-05-14 16:15:15,881 - INFO - РџСЂРёР»РѕР¶РµРЅРёРµ РёРЅРёС†РёР°Р»РёР·РёСЂРѕРІР°РЅРѕ
2025-05-14 16:15:41,562 - INFO - Р‘Р°Р·Р° РґР°РЅРЅС‹С… РёРЅРёС†РёР°Р»РёР·РёСЂРѕРІР°РЅР°
2025-05-14 16:15:41,563 - INFO - РџСЂРёР»РѕР¶РµРЅРёРµ РёРЅРёС†РёР°Р»РёР·РёСЂРѕРІР°РЅРѕ
2025-05-14 16:15:55,083 - INFO - Р‘Р°Р·Р° РґР°РЅРЅС‹С… РёРЅРёС†РёР°Р»РёР·РёСЂРѕРІР°РЅР°
2025-05-14 16:15:55,084 - INFO - РџСЂРёР»РѕР¶РµРЅРёРµ РёРЅРёС†РёР°Р»РёР·РёСЂРѕРІР°РЅРѕ
2025-05-14 16:31:31,377 - INFO - Р‘Р°Р·Р° РґР°РЅРЅС‹С… РёРЅРёС†РёР°Р»РёР·РёСЂРѕРІР°РЅР°
2025-05-14 16:31:31,378 - INFO - РџСЂРёР»РѕР¶РµРЅРёРµ РёРЅРёС†РёР°Р»РёР·РёСЂРѕРІР°РЅРѕ
2025-05-14 17:30:14,146 - INFO - Р‘Р°Р·Р° РґР°РЅРЅС‹С… РёРЅРёС†РёР°Р»РёР·РёСЂРѕРІР°РЅР°
2025-05-14 17:30:14,147 - INFO - РџСЂРёР»РѕР¶РµРЅРёРµ РёРЅРёС†РёР°Р»РёР·РёСЂРѕРІР°РЅРѕ
2025-05-14 21:44:55,136 - INFO - Р‘Р°Р·Р° РґР°РЅРЅС‹С… РёРЅРёС†РёР°Р»РёР·РёСЂРѕРІР°РЅР°
2025-05-14 21:44:55,137 - INFO - РџСЂРёР»РѕР¶РµРЅРёРµ РёРЅРёС†РёР°Р»РёР·РёСЂРѕРІР°РЅРѕ
2025-05-14 22:13:15,515 - INFO - Р‘Р°Р·Р° РґР°РЅРЅС‹С… РёРЅРёС†РёР°Р»РёР·РёСЂРѕРІР°РЅР°
2025-05-14 22:13:15,516 - INFO - РџСЂРёР»РѕР¶РµРЅРёРµ РёРЅРёС†РёР°Р»РёР·РёСЂРѕРІР°РЅРѕ
2025-05-14 22:19:03,502 - INFO - Р‘Р°Р·Р° РґР°РЅРЅС‹С… РёРЅРёС†РёР°Р»РёР·РёСЂРѕРІР°РЅР°
2025-05-14 22:19:03,502 - INFO - РџСЂРёР»РѕР¶РµРЅРёРµ РёРЅРёС†РёР°Р»РёР·РёСЂРѕРІР°РЅРѕ
2025-05-14 22:22:20,058 - INFO - Р‘Р°Р·Р° РґР°РЅРЅС‹С… РёРЅРёС†РёР°Р»РёР·РёСЂРѕРІР°РЅР°
2025-05-14 22:22:20,059 - INFO - РџСЂРёР»РѕР¶РµРЅРёРµ РёРЅРёС†РёР°Р»РёР·РёСЂРѕРІР°РЅРѕ
2025-05-15 17:16:40,932 - INFO - Р‘Р°Р·Р° РґР°РЅРЅС‹С… РёРЅРёС†РёР°Р»РёР·РёСЂРѕРІР°РЅР°
2025-05-15 17:16:40,933 - INFO - РџСЂРёР»РѕР¶РµРЅРёРµ РёРЅРёС†РёР°Р»РёР·РёСЂРѕРІР°РЅРѕ
2025-05-15 17:43:31,096 - INFO - Р‘Р°Р·Р° РґР°РЅРЅС‹С… РёРЅРёС†РёР°Р»РёР·РёСЂРѕРІР°РЅР°
2025-05-15 17:43:31,097 - INFO - РџСЂРёР»РѕР¶РµРЅРёРµ РёРЅРёС†РёР°Р»РёР·РёСЂРѕРІР°РЅРѕ
2025-05-15 18:54:42,627 - ERROR - РћС€РёР±РєР° РёРЅРёС†РёР°Р»РёР·Р°С†РёРё Р±Р°Р·С‹ РґР°РЅРЅС‹С…: (psycopg2.errors.InvalidSchemaName) no schema has been selected to create in
LINE 2: CREATE TABLE countries (
                     ^

[SQL: 
CREATE TABLE countries (
	country_id SERIAL NOT NULL, 
	name VARCHAR(100) NOT NULL, 
	visa_required BOOLEAN, 
	created_at TIMESTAMP WITHOUT TIME ZONE, 
	PRIMARY KEY (country_id)
)

]
(Background on this error at: https://sqlalche.me/e/20/f405)
2025-05-15 18:55:58,215 - ERROR - РћС€РёР±РєР° РёРЅРёС†РёР°Р»РёР·Р°С†РёРё Р±Р°Р·С‹ РґР°РЅРЅС‹С…: (psycopg2.errors.InvalidSchemaName) no schema has been selected to create in
LINE 2: CREATE TABLE countries (
                     ^

[SQL: 
CREATE TABLE countries (
	country_id SERIAL NOT NULL, 
	name VARCHAR(100) NOT NULL, 
	visa_required BOOLEAN, 
	created_at TIMESTAMP WITHOUT TIME ZONE, 
	PRIMARY KEY (country_id)
)

]
(Background on this error at: https://sqlalche.me/e/20/f405)
2025-05-15 18:58:33,570 - INFO - Р‘Р°Р·Р° РґР°РЅРЅС‹С… РёРЅРёС†РёР°Р»РёР·РёСЂРѕРІР°РЅР°
2025-05-15 18:58:47,410 - INFO - Р‘Р°Р·Р° РґР°РЅРЅС‹С… РёРЅРёС†РёР°Р»РёР·РёСЂРѕРІР°РЅР°
2025-05-15 18:58:47,411 - INFO - РџСЂРёР»РѕР¶РµРЅРёРµ РёРЅРёС†РёР°Р»РёР·РёСЂРѕРІР°РЅРѕ
2025-05-15 19:01:31,277 - INFO - Р‘Р°Р·Р° РґР°РЅРЅС‹С… РёРЅРёС†РёР°Р»РёР·РёСЂРѕРІР°РЅР°
2025-05-15 19:01:31,277 - INFO - РџСЂРёР»РѕР¶РµРЅРёРµ РёРЅРёС†РёР°Р»РёР·РёСЂРѕРІР°РЅРѕ
2025-05-18 15:44:44,749 - INFO - Р‘Р°Р·Р° РґР°РЅРЅС‹С… СѓСЃРїРµС€РЅРѕ РёРЅРёС†РёР°Р»РёР·РёСЂРѕРІР°РЅР°
2025-05-18 15:44:45,326 - CRITICAL - РљСЂРёС‚РёС‡РµСЃРєР°СЏ РѕС€РёР±РєР° РїСЂРё Р·Р°РїСѓСЃРєРµ РїСЂРёР»РѕР¶РµРЅРёСЏ: 'TravelAgencyApp' object has no attribute 'load_clients'
2025-05-18 15:45:51,479 - INFO - Р‘Р°Р·Р° РґР°РЅРЅС‹С… СѓСЃРїРµС€РЅРѕ РёРЅРёС†РёР°Р»РёР·РёСЂРѕРІР°РЅР°
2025-05-18 15:45:52,053 - INFO - РЎРїРёСЃРѕРє РєР»РёРµРЅС‚РѕРІ СѓСЃРїРµС€РЅРѕ Р·Р°РіСЂСѓР¶РµРЅ
2025-05-18 15:45:52,151 - INFO - Р‘Р°Р·Р° РґР°РЅРЅС‹С… СѓСЃРїРµС€РЅРѕ РёРЅРёС†РёР°Р»РёР·РёСЂРѕРІР°РЅР°
2025-05-18 15:45:52,151 - INFO - РџСЂРёР»РѕР¶РµРЅРёРµ РёРЅРёС†РёР°Р»РёР·РёСЂРѕРІР°РЅРѕ
2025-05-18 15:45:52,310 - INFO - РџСЂРёР»РѕР¶РµРЅРёРµ СѓСЃРїРµС€РЅРѕ Р·Р°РїСѓС‰РµРЅРѕ
2025-05-18 17:09:06,706 - INFO - Р‘Р°Р·Р° РґР°РЅРЅС‹С… СѓСЃРїРµС€РЅРѕ РёРЅРёС†РёР°Р»РёР·РёСЂРѕРІР°РЅР°
2025-05-18 17:09:07,302 - INFO - РЎРїРёСЃРѕРє РєР»РёРµРЅС‚РѕРІ СѓСЃРїРµС€РЅРѕ Р·Р°РіСЂСѓР¶РµРЅ
2025-05-18 17:10:41,692 - CRITICAL - РљСЂРёС‚РёС‡РµСЃРєР°СЏ РѕС€РёР±РєР° РїСЂРё Р·Р°РїСѓСЃРєРµ РїСЂРёР»РѕР¶РµРЅРёСЏ: 'TravelAgencyApp' object has no attribute 'booking_tour'
2025-05-18 17:10:44,139 - INFO - Р‘Р°Р·Р° РґР°РЅРЅС‹С… СѓСЃРїРµС€РЅРѕ РёРЅРёС†РёР°Р»РёР·РёСЂРѕРІР°РЅР°
2025-05-18 17:10:44,624 - INFO - РЎРїРёСЃРѕРє РєР»РёРµРЅС‚РѕРІ СѓСЃРїРµС€РЅРѕ Р·Р°РіСЂСѓР¶РµРЅ
2025-05-18 17:10:44,693 - INFO - Р‘Р°Р·Р° РґР°РЅРЅС‹С… СѓСЃРїРµС€РЅРѕ РёРЅРёС†РёР°Р»РёР·РёСЂРѕРІР°РЅР°
2025-05-18 17:10:44,693 - INFO - РџСЂРёР»РѕР¶РµРЅРёРµ РёРЅРёС†РёР°Р»РёР·РёСЂРѕРІР°РЅРѕ
2025-05-18 17:10:44,812 - INFO - РџСЂРёР»РѕР¶РµРЅРёРµ СѓСЃРїРµС€РЅРѕ Р·Р°РїСѓС‰РµРЅРѕ
2025-05-18 17:40:16,417 - INFO - Р‘Р°Р·Р° РґР°РЅРЅС‹С… СѓСЃРїРµС€РЅРѕ РёРЅРёС†РёР°Р»РёР·РёСЂРѕРІР°РЅР°
2025-05-18 17:40:17,069 - INFO - РЎРїРёСЃРѕРє РєР»РёРµРЅС‚РѕРІ СѓСЃРїРµС€РЅРѕ Р·Р°РіСЂСѓР¶РµРЅ
2025-05-18 17:40:17,101 - CRITICAL - РљСЂРёС‚РёС‡РµСЃРєР°СЏ РѕС€РёР±РєР° РїСЂРё Р·Р°РїСѓСЃРєРµ РїСЂРёР»РѕР¶РµРЅРёСЏ: 'TravelAgencyApp' object has no attribute 'load_bookings'
2025-05-18 17:41:48,907 - INFO - Р‘Р°Р·Р° РґР°РЅРЅС‹С… СѓСЃРїРµС€РЅРѕ РёРЅРёС†РёР°Р»РёР·РёСЂРѕРІР°РЅР°
2025-05-18 17:41:49,434 - INFO - РЎРїРёСЃРѕРє РєР»РёРµРЅС‚РѕРІ СѓСЃРїРµС€РЅРѕ Р·Р°РіСЂСѓР¶РµРЅ
2025-05-18 17:41:49,465 - CRITICAL - РљСЂРёС‚РёС‡РµСЃРєР°СЏ РѕС€РёР±РєР° РїСЂРё Р·Р°РїСѓСЃРєРµ РїСЂРёР»РѕР¶РµРЅРёСЏ: 'TravelAgencyApp' object has no attribute 'load_bookings'
2025-05-18 17:46:44,842 - INFO - Р‘Р°Р·Р° РґР°РЅРЅС‹С… СѓСЃРїРµС€РЅРѕ РёРЅРёС†РёР°Р»РёР·РёСЂРѕРІР°РЅР°
2025-05-18 17:46:45,668 - CRITICAL - РљСЂРёС‚РёС‡РµСЃРєР°СЏ РѕС€РёР±РєР° РїСЂРё Р·Р°РїСѓСЃРєРµ РїСЂРёР»РѕР¶РµРЅРёСЏ: 'TravelAgencyApp' object has no attribute 'load_clients'
2025-05-18 17:47:56,814 - INFO - Р‘Р°Р·Р° РґР°РЅРЅС‹С… СѓСЃРїРµС€РЅРѕ РёРЅРёС†РёР°Р»РёР·РёСЂРѕРІР°РЅР°
2025-05-18 17:47:57,275 - INFO - Р—Р°РіСЂСѓР¶РµРЅРѕ 6 РєР»РёРµРЅС‚РѕРІ
2025-05-18 17:47:57,276 - CRITICAL - РљСЂРёС‚РёС‡РµСЃРєР°СЏ РѕС€РёР±РєР° РїСЂРё Р·Р°РїСѓСЃРєРµ РїСЂРёР»РѕР¶РµРЅРёСЏ: 'TravelAgencyApp' object has no attribute 'filter_tours'
2025-05-18 17:48:41,544 - INFO - Р‘Р°Р·Р° РґР°РЅРЅС‹С… СѓСЃРїРµС€РЅРѕ РёРЅРёС†РёР°Р»РёР·РёСЂРѕРІР°РЅР°
2025-05-18 17:48:42,266 - INFO - Р—Р°РіСЂСѓР¶РµРЅРѕ 6 РєР»РёРµРЅС‚РѕРІ
2025-05-18 17:48:42,272 - CRITICAL - РљСЂРёС‚РёС‡РµСЃРєР°СЏ РѕС€РёР±РєР° РїСЂРё Р·Р°РїСѓСЃРєРµ РїСЂРёР»РѕР¶РµРЅРёСЏ: 'TravelAgencyApp' object has no attribute 'show_tour_context_menu'
2025-05-18 17:49:25,708 - INFO - Р‘Р°Р·Р° РґР°РЅРЅС‹С… СѓСЃРїРµС€РЅРѕ РёРЅРёС†РёР°Р»РёР·РёСЂРѕРІР°РЅР°
2025-05-18 17:49:26,245 - INFO - Р—Р°РіСЂСѓР¶РµРЅРѕ 6 РєР»РёРµРЅС‚РѕРІ
2025-05-18 17:49:26,251 - CRITICAL - РљСЂРёС‚РёС‡РµСЃРєР°СЏ РѕС€РёР±РєР° РїСЂРё Р·Р°РїСѓСЃРєРµ РїСЂРёР»РѕР¶РµРЅРёСЏ: 'TravelAgencyApp' object has no attribute 'load_tour_types'
2025-05-18 17:51:09,056 - INFO - Р‘Р°Р·Р° РґР°РЅРЅС‹С… СѓСЃРїРµС€РЅРѕ РёРЅРёС†РёР°Р»РёР·РёСЂРѕРІР°РЅР°
2025-05-18 17:51:09,611 - INFO - Р—Р°РіСЂСѓР¶РµРЅРѕ 6 РєР»РёРµРЅС‚РѕРІ
2025-05-18 17:51:09,619 - INFO - Р—Р°РіСЂСѓР¶РµРЅРѕ 4 С‚РёРїРѕРІ С‚СѓСЂРѕРІ
2025-05-18 17:51:09,624 - ERROR - РћС€РёР±РєР° РїСЂРё Р·Р°РіСЂСѓР·РєРµ С‚СѓСЂРѕРІ: 'Tour' object has no attribute 'type'
2025-05-18 17:52:34,780 - CRITICAL - РљСЂРёС‚РёС‡РµСЃРєР°СЏ РѕС€РёР±РєР° РїСЂРё Р·Р°РїСѓСЃРєРµ РїСЂРёР»РѕР¶РµРЅРёСЏ: 'TravelAgencyApp' object has no attribute 'load_bookings'
2025-05-18 17:53:55,694 - INFO - Р‘Р°Р·Р° РґР°РЅРЅС‹С… СѓСЃРїРµС€РЅРѕ РёРЅРёС†РёР°Р»РёР·РёСЂРѕРІР°РЅР°
2025-05-18 17:53:56,158 - INFO - Р—Р°РіСЂСѓР¶РµРЅРѕ 6 РєР»РёРµРЅС‚РѕРІ
2025-05-18 17:53:56,165 - INFO - Р—Р°РіСЂСѓР¶РµРЅРѕ 4 С‚РёРїРѕРІ С‚СѓСЂРѕРІ
2025-05-18 17:53:56,174 - INFO - Р—Р°РіСЂСѓР¶РµРЅРѕ 8 С‚СѓСЂРѕРІ
2025-05-18 17:53:56,197 - INFO - Р—Р°РіСЂСѓР¶РµРЅРѕ 6 Р±СЂРѕРЅРёСЂРѕРІР°РЅРёР№
2025-05-18 17:53:56,197 - CRITICAL - РљСЂРёС‚РёС‡РµСЃРєР°СЏ РѕС€РёР±РєР° РїСЂРё Р·Р°РїСѓСЃРєРµ РїСЂРёР»РѕР¶РµРЅРёСЏ: 'TravelAgencyApp' object has no attribute 'filter_hotels'
2025-05-18 17:54:08,666 - INFO - Р‘Р°Р·Р° РґР°РЅРЅС‹С… СѓСЃРїРµС€РЅРѕ РёРЅРёС†РёР°Р»РёР·РёСЂРѕРІР°РЅР°
2025-05-18 17:54:09,162 - INFO - Р—Р°РіСЂСѓР¶РµРЅРѕ 6 РєР»РёРµРЅС‚РѕРІ
2025-05-18 17:54:09,169 - INFO - Р—Р°РіСЂСѓР¶РµРЅРѕ 4 С‚РёРїРѕРІ С‚СѓСЂРѕРІ
2025-05-18 17:54:09,182 - INFO - Р—Р°РіСЂСѓР¶РµРЅРѕ 8 С‚СѓСЂРѕРІ
2025-05-18 17:54:09,203 - INFO - Р—Р°РіСЂСѓР¶РµРЅРѕ 6 Р±СЂРѕРЅРёСЂРѕРІР°РЅРёР№
2025-05-18 17:54:09,204 - CRITICAL - РљСЂРёС‚РёС‡РµСЃРєР°СЏ РѕС€РёР±РєР° РїСЂРё Р·Р°РїСѓСЃРєРµ РїСЂРёР»РѕР¶РµРЅРёСЏ: 'TravelAgencyApp' object has no attribute 'filter_hotels'
2025-05-18 17:54:41,180 - INFO - Р‘Р°Р·Р° РґР°РЅРЅС‹С… СѓСЃРїРµС€РЅРѕ РёРЅРёС†РёР°Р»РёР·РёСЂРѕРІР°РЅР°
2025-05-18 17:54:41,820 - INFO - Р—Р°РіСЂСѓР¶РµРЅРѕ 6 РєР»РёРµРЅС‚РѕРІ
2025-05-18 17:54:41,827 - INFO - Р—Р°РіСЂСѓР¶РµРЅРѕ 4 С‚РёРїРѕРІ С‚СѓСЂРѕРІ
2025-05-18 17:54:41,838 - INFO - Р—Р°РіСЂСѓР¶РµРЅРѕ 8 С‚СѓСЂРѕРІ
2025-05-18 17:54:41,861 - INFO - Р—Р°РіСЂСѓР¶РµРЅРѕ 6 Р±СЂРѕРЅРёСЂРѕРІР°РЅРёР№
2025-05-18 17:54:41,863 - CRITICAL - РљСЂРёС‚РёС‡РµСЃРєР°СЏ РѕС€РёР±РєР° РїСЂРё Р·Р°РїСѓСЃРєРµ РїСЂРёР»РѕР¶РµРЅРёСЏ: 'TravelAgencyApp' object has no attribute 'show_countries_dialog'
2025-05-18 17:55:56,386 - INFO - Р‘Р°Р·Р° РґР°РЅРЅС‹С… СѓСЃРїРµС€РЅРѕ РёРЅРёС†РёР°Р»РёР·РёСЂРѕРІР°РЅР°
2025-05-18 17:55:57,019 - INFO - Р—Р°РіСЂСѓР¶РµРЅРѕ 6 РєР»РёРµРЅС‚РѕРІ
2025-05-18 17:55:57,025 - INFO - Р—Р°РіСЂСѓР¶РµРЅРѕ 4 С‚РёРїРѕРІ С‚СѓСЂРѕРІ
2025-05-18 17:55:57,037 - INFO - Р—Р°РіСЂСѓР¶РµРЅРѕ 8 С‚СѓСЂРѕРІ
2025-05-18 17:55:57,063 - INFO - Р—Р°РіСЂСѓР¶РµРЅРѕ 6 Р±СЂРѕРЅРёСЂРѕРІР°РЅРёР№
2025-05-18 17:55:57,064 - CRITICAL - РљСЂРёС‚РёС‡РµСЃРєР°СЏ РѕС€РёР±РєР° РїСЂРё Р·Р°РїСѓСЃРєРµ РїСЂРёР»РѕР¶РµРЅРёСЏ: 'TravelAgencyApp' object has no attribute 'show_cities_dialog'
2025-05-18 17:57:46,625 - INFO - Р‘Р°Р·Р° РґР°РЅРЅС‹С… СѓСЃРїРµС€РЅРѕ РёРЅРёС†РёР°Р»РёР·РёСЂРѕРІР°РЅР°
2025-05-18 17:57:47,196 - INFO - Р—Р°РіСЂСѓР¶РµРЅРѕ 6 РєР»РёРµРЅС‚РѕРІ
2025-05-18 17:57:47,205 - INFO - Р—Р°РіСЂСѓР¶РµРЅРѕ 4 С‚РёРїРѕРІ С‚СѓСЂРѕРІ
2025-05-18 17:57:47,220 - INFO - Р—Р°РіСЂСѓР¶РµРЅРѕ 8 С‚СѓСЂРѕРІ
2025-05-18 17:57:47,244 - INFO - Р—Р°РіСЂСѓР¶РµРЅРѕ 6 Р±СЂРѕРЅРёСЂРѕРІР°РЅРёР№
2025-05-18 17:57:47,246 - CRITICAL - РљСЂРёС‚РёС‡РµСЃРєР°СЏ РѕС€РёР±РєР° РїСЂРё Р·Р°РїСѓСЃРєРµ РїСЂРёР»РѕР¶РµРЅРёСЏ: 'TravelAgencyApp' object has no attribute 'show_hotel_context_menu'
2025-05-18 17:58:01,852 - INFO - Р‘Р°Р·Р° РґР°РЅРЅС‹С… СѓСЃРїРµС€РЅРѕ РёРЅРёС†РёР°Р»РёР·РёСЂРѕРІР°РЅР°
2025-05-18 17:58:02,375 - INFO - Р—Р°РіСЂСѓР¶РµРЅРѕ 6 РєР»РёРµРЅС‚РѕРІ
2025-05-18 17:58:02,384 - INFO - Р—Р°РіСЂСѓР¶РµРЅРѕ 4 С‚РёРїРѕРІ С‚СѓСЂРѕРІ
2025-05-18 17:58:02,394 - INFO - Р—Р°РіСЂСѓР¶РµРЅРѕ 8 С‚СѓСЂРѕРІ
2025-05-18 17:58:02,420 - INFO - Р—Р°РіСЂСѓР¶РµРЅРѕ 6 Р±СЂРѕРЅРёСЂРѕРІР°РЅРёР№
2025-05-18 17:58:02,422 - CRITICAL - РљСЂРёС‚РёС‡РµСЃРєР°СЏ РѕС€РёР±РєР° РїСЂРё Р·Р°РїСѓСЃРєРµ РїСЂРёР»РѕР¶РµРЅРёСЏ: 'TravelAgencyApp' object has no attribute 'show_hotel_context_menu'
2025-05-18 17:58:38,264 - INFO - Р‘Р°Р·Р° РґР°РЅРЅС‹С… СѓСЃРїРµС€РЅРѕ РёРЅРёС†РёР°Р»РёР·РёСЂРѕРІР°РЅР°
2025-05-18 17:58:38,768 - INFO - Р—Р°РіСЂСѓР¶РµРЅРѕ 6 РєР»РёРµРЅС‚РѕРІ
2025-05-18 17:58:38,776 - INFO - Р—Р°РіСЂСѓР¶РµРЅРѕ 4 С‚РёРїРѕРІ С‚СѓСЂРѕРІ
2025-05-18 17:58:38,816 - INFO - Р—Р°РіСЂСѓР¶РµРЅРѕ 8 С‚СѓСЂРѕРІ
2025-05-18 17:58:38,848 - INFO - Р—Р°РіСЂСѓР¶РµРЅРѕ 6 Р±СЂРѕРЅРёСЂРѕРІР°РЅРёР№
2025-05-18 17:58:38,892 - INFO - Р—Р°РіСЂСѓР¶РµРЅРѕ 18 РѕС‚РµР»РµР№
2025-05-18 17:58:38,893 - CRITICAL - РљСЂРёС‚РёС‡РµСЃРєР°СЏ РѕС€РёР±РєР° РїСЂРё Р·Р°РїСѓСЃРєРµ РїСЂРёР»РѕР¶РµРЅРёСЏ: 'TravelAgencyApp' object has no attribute 'show_employee_context_menu'
2025-05-18 17:59:56,116 - INFO - Р‘Р°Р·Р° РґР°РЅРЅС‹С… СѓСЃРїРµС€РЅРѕ РёРЅРёС†РёР°Р»РёР·РёСЂРѕРІР°РЅР°
2025-05-18 17:59:56,672 - INFO - Р—Р°РіСЂСѓР¶РµРЅРѕ 6 РєР»РёРµРЅС‚РѕРІ
2025-05-18 17:59:56,682 - INFO - Р—Р°РіСЂСѓР¶РµРЅРѕ 4 С‚РёРїРѕРІ С‚СѓСЂРѕРІ
2025-05-18 17:59:56,692 - INFO - Р—Р°РіСЂСѓР¶РµРЅРѕ 8 С‚СѓСЂРѕРІ
2025-05-18 17:59:56,717 - INFO - Р—Р°РіСЂСѓР¶РµРЅРѕ 6 Р±СЂРѕРЅРёСЂРѕРІР°РЅРёР№
2025-05-18 17:59:56,734 - INFO - Р—Р°РіСЂСѓР¶РµРЅРѕ 18 РѕС‚РµР»РµР№
2025-05-18 17:59:56,736 - INFO - Р—Р°РіСЂСѓР¶РµРЅРѕ 5 СЃРѕС‚СЂСѓРґРЅРёРєРѕРІ
2025-05-18 17:59:56,742 - INFO - Р‘Р°Р·Р° РґР°РЅРЅС‹С… СѓСЃРїРµС€РЅРѕ РёРЅРёС†РёР°Р»РёР·РёСЂРѕРІР°РЅР°
2025-05-18 17:59:56,742 - INFO - РџСЂРёР»РѕР¶РµРЅРёРµ РёРЅРёС†РёР°Р»РёР·РёСЂРѕРІР°РЅРѕ
2025-05-18 17:59:56,902 - INFO - РџСЂРёР»РѕР¶РµРЅРёРµ СѓСЃРїРµС€РЅРѕ Р·Р°РїСѓС‰РµРЅРѕ
2025-05-18 18:03:26,292 - INFO - Р—Р°РіСЂСѓР¶РµРЅРѕ 4 С‚РёРїРѕРІ С‚СѓСЂРѕРІ
2025-05-18 18:04:12,012 - INFO - Р‘Р°Р·Р° РґР°РЅРЅС‹С… СѓСЃРїРµС€РЅРѕ РёРЅРёС†РёР°Р»РёР·РёСЂРѕРІР°РЅР°
2025-05-18 18:04:12,646 - INFO - Р—Р°РіСЂСѓР¶РµРЅРѕ 6 РєР»РёРµРЅС‚РѕРІ
2025-05-18 18:04:12,655 - INFO - Р—Р°РіСЂСѓР¶РµРЅРѕ 4 С‚РёРїРѕРІ С‚СѓСЂРѕРІ
2025-05-18 18:04:12,674 - INFO - Р—Р°РіСЂСѓР¶РµРЅРѕ 8 С‚СѓСЂРѕРІ
2025-05-18 18:04:12,706 - INFO - Р—Р°РіСЂСѓР¶РµРЅРѕ 6 Р±СЂРѕРЅРёСЂРѕРІР°РЅРёР№
2025-05-18 18:04:12,742 - INFO - Р—Р°РіСЂСѓР¶РµРЅРѕ 18 РѕС‚РµР»РµР№
2025-05-18 18:04:12,744 - INFO - Р—Р°РіСЂСѓР¶РµРЅРѕ 5 СЃРѕС‚СЂСѓРґРЅРёРєРѕРІ
2025-05-18 18:04:12,747 - INFO - Р‘Р°Р·Р° РґР°РЅРЅС‹С… СѓСЃРїРµС€РЅРѕ РёРЅРёС†РёР°Р»РёР·РёСЂРѕРІР°РЅР°
2025-05-18 18:04:12,747 - INFO - РџСЂРёР»РѕР¶РµРЅРёРµ РёРЅРёС†РёР°Р»РёР·РёСЂРѕРІР°РЅРѕ
2025-05-18 18:04:12,941 - INFO - РџСЂРёР»РѕР¶РµРЅРёРµ СѓСЃРїРµС€РЅРѕ Р·Р°РїСѓС‰РµРЅРѕ
2025-05-18 18:09:16,554 - INFO - Р—Р°РіСЂСѓР¶РµРЅРѕ 5 РєР»РёРµРЅС‚РѕРІ
2025-05-18 18:09:16,567 - INFO - Р—Р°РіСЂСѓР¶РµРЅРѕ 5 Р±СЂРѕРЅРёСЂРѕРІР°РЅРёР№
2025-05-18 18:11:17,941 - INFO - Р‘Р°Р·Р° РґР°РЅРЅС‹С… СѓСЃРїРµС€РЅРѕ РёРЅРёС†РёР°Р»РёР·РёСЂРѕРІР°РЅР°
2025-05-18 18:11:18,681 - INFO - Р—Р°РіСЂСѓР¶РµРЅРѕ 5 РєР»РёРµРЅС‚РѕРІ
2025-05-18 18:11:18,691 - INFO - Р—Р°РіСЂСѓР¶РµРЅРѕ 4 С‚РёРїРѕРІ С‚СѓСЂРѕРІ
2025-05-18 18:11:18,701 - INFO - Р—Р°РіСЂСѓР¶РµРЅРѕ 8 С‚СѓСЂРѕРІ
2025-05-18 18:11:18,729 - INFO - Р—Р°РіСЂСѓР¶РµРЅРѕ 5 Р±СЂРѕРЅРёСЂРѕРІР°РЅРёР№
2025-05-18 18:11:18,747 - INFO - Р—Р°РіСЂСѓР¶РµРЅРѕ 18 РѕС‚РµР»РµР№
2025-05-18 18:11:18,749 - INFO - Р—Р°РіСЂСѓР¶РµРЅРѕ 5 СЃРѕС‚СЂСѓРґРЅРёРєРѕРІ
2025-05-18 18:11:18,756 - INFO - Р‘Р°Р·Р° РґР°РЅРЅС‹С… СѓСЃРїРµС€РЅРѕ РёРЅРёС†РёР°Р»РёР·РёСЂРѕРІР°РЅР°
2025-05-18 18:11:18,756 - INFO - РџСЂРёР»РѕР¶РµРЅРёРµ РёРЅРёС†РёР°Р»РёР·РёСЂРѕРІР°РЅРѕ
2025-05-18 18:11:18,939 - INFO - РџСЂРёР»РѕР¶РµРЅРёРµ СѓСЃРїРµС€РЅРѕ Р·Р°РїСѓС‰РµРЅРѕ
2025-05-18 18:12:16,951 - INFO - Р‘Р°Р·Р° РґР°РЅРЅС‹С… СѓСЃРїРµС€РЅРѕ РёРЅРёС†РёР°Р»РёР·РёСЂРѕРІР°РЅР°
2025-05-18 18:12:17,705 - INFO - Р—Р°РіСЂСѓР¶РµРЅРѕ 5 РєР»РёРµРЅС‚РѕРІ
2025-05-18 18:12:17,715 - INFO - Р—Р°РіСЂСѓР¶РµРЅРѕ 4 С‚РёРїРѕРІ С‚СѓСЂРѕРІ
2025-05-18 18:12:17,729 - INFO - Р—Р°РіСЂСѓР¶РµРЅРѕ 8 С‚СѓСЂРѕРІ
2025-05-18 18:12:17,750 - INFO - Р—Р°РіСЂСѓР¶РµРЅРѕ 5 Р±СЂРѕРЅРёСЂРѕРІР°РЅРёР№
2025-05-18 18:12:17,765 - INFO - Р—Р°РіСЂСѓР¶РµРЅРѕ 18 РѕС‚РµР»РµР№
2025-05-18 18:12:17,768 - INFO - Р—Р°РіСЂСѓР¶РµРЅРѕ 5 СЃРѕС‚СЂСѓРґРЅРёРєРѕРІ
2025-05-18 18:12:17,772 - INFO - Р‘Р°Р·Р° РґР°РЅРЅС‹С… СѓСЃРїРµС€РЅРѕ РёРЅРёС†РёР°Р»РёР·РёСЂРѕРІР°РЅР°
2025-05-18 18:12:17,772 - INFO - РџСЂРёР»РѕР¶РµРЅРёРµ РёРЅРёС†РёР°Р»РёР·РёСЂРѕРІР°РЅРѕ
2025-05-18 18:12:17,930 - INFO - РџСЂРёР»РѕР¶РµРЅРёРµ СѓСЃРїРµС€РЅРѕ Р·Р°РїСѓС‰РµРЅРѕ
2025-05-18 22:27:13,384 - INFO - Р‘Р°Р·Р° РґР°РЅРЅС‹С… СѓСЃРїРµС€РЅРѕ РёРЅРёС†РёР°Р»РёР·РёСЂРѕРІР°РЅР°
2025-05-18 22:27:13,938 - INFO - Р—Р°РіСЂСѓР¶РµРЅРѕ 5 РєР»РёРµРЅС‚РѕРІ
2025-05-18 22:27:13,946 - INFO - Р—Р°РіСЂСѓР¶РµРЅРѕ 4 С‚РёРїРѕРІ С‚СѓСЂРѕРІ
2025-05-18 22:27:13,959 - INFO - Р—Р°РіСЂСѓР¶РµРЅРѕ 8 С‚СѓСЂРѕРІ
2025-05-18 22:27:13,982 - INFO - Р—Р°РіСЂСѓР¶РµРЅРѕ 5 Р±СЂРѕРЅРёСЂРѕРІР°РЅРёР№
2025-05-18 22:27:13,999 - INFO - Р—Р°РіСЂСѓР¶РµРЅРѕ 18 РѕС‚РµР»РµР№
2025-05-18 22:27:14,001 - INFO - Р—Р°РіСЂСѓР¶РµРЅРѕ 5 СЃРѕС‚СЂСѓРґРЅРёРєРѕРІ
2025-05-18 22:27:14,005 - INFO - Р‘Р°Р·Р° РґР°РЅРЅС‹С… СѓСЃРїРµС€РЅРѕ РёРЅРёС†РёР°Р»РёР·РёСЂРѕРІР°РЅР°
2025-05-18 22:27:14,005 - INFO - РџСЂРёР»РѕР¶РµРЅРёРµ РёРЅРёС†РёР°Р»РёР·РёСЂРѕРІР°РЅРѕ
2025-05-18 22:27:14,159 - INFO - РџСЂРёР»РѕР¶РµРЅРёРµ СѓСЃРїРµС€РЅРѕ Р·Р°РїСѓС‰РµРЅРѕ
2025-05-18 22:27:21,555 - INFO - Р—Р°РіСЂСѓР¶РµРЅРѕ 12 СЃС‚СЂР°РЅ
2025-05-18 22:27:25,914 - INFO - Р—Р°РіСЂСѓР¶РµРЅРѕ 12 СЃС‚СЂР°РЅ РІ РєРѕРјР±РѕР±РѕРєСЃ
2025-05-18 22:27:25,947 - INFO - Р—Р°РіСЂСѓР¶РµРЅРѕ 18 РіРѕСЂРѕРґРѕРІ
2025-05-18 22:38:42,726 - INFO - Р‘Р°Р·Р° РґР°РЅРЅС‹С… СѓСЃРїРµС€РЅРѕ РёРЅРёС†РёР°Р»РёР·РёСЂРѕРІР°РЅР°
2025-05-18 22:38:43,277 - INFO - Р—Р°РіСЂСѓР¶РµРЅРѕ 5 РєР»РёРµРЅС‚РѕРІ
2025-05-18 22:38:43,288 - INFO - Р—Р°РіСЂСѓР¶РµРЅРѕ 4 С‚РёРїРѕРІ С‚СѓСЂРѕРІ
2025-05-18 22:38:43,298 - INFO - Р—Р°РіСЂСѓР¶РµРЅРѕ 8 С‚СѓСЂРѕРІ
2025-05-18 22:38:43,321 - INFO - Р—Р°РіСЂСѓР¶РµРЅРѕ 5 Р±СЂРѕРЅРёСЂРѕРІР°РЅРёР№
2025-05-18 22:38:43,337 - INFO - Р—Р°РіСЂСѓР¶РµРЅРѕ 18 РѕС‚РµР»РµР№
2025-05-18 22:38:43,339 - INFO - Р—Р°РіСЂСѓР¶РµРЅРѕ 5 СЃРѕС‚СЂСѓРґРЅРёРєРѕРІ
2025-05-18 22:38:43,342 - INFO - Р‘Р°Р·Р° РґР°РЅРЅС‹С… СѓСЃРїРµС€РЅРѕ РёРЅРёС†РёР°Р»РёР·РёСЂРѕРІР°РЅР°
2025-05-18 22:38:43,342 - INFO - РџСЂРёР»РѕР¶РµРЅРёРµ РёРЅРёС†РёР°Р»РёР·РёСЂРѕРІР°РЅРѕ
2025-05-18 22:38:43,508 - INFO - РџСЂРёР»РѕР¶РµРЅРёРµ СѓСЃРїРµС€РЅРѕ Р·Р°РїСѓС‰РµРЅРѕ
2025-05-19 01:52:12,854 - INFO - Р‘Р°Р·Р° РґР°РЅРЅС‹С… СѓСЃРїРµС€РЅРѕ РёРЅРёС†РёР°Р»РёР·РёСЂРѕРІР°РЅР°
2025-05-19 01:52:13,492 - INFO - Р—Р°РіСЂСѓР¶РµРЅРѕ 5 РєР»РёРµРЅС‚РѕРІ
2025-05-19 01:52:13,499 - INFO - Р—Р°РіСЂСѓР¶РµРЅРѕ 4 С‚РёРїРѕРІ С‚СѓСЂРѕРІ
2025-05-19 01:52:13,508 - INFO - Р—Р°РіСЂСѓР¶РµРЅРѕ 8 С‚СѓСЂРѕРІ
2025-05-19 01:52:13,529 - INFO - Р—Р°РіСЂСѓР¶РµРЅРѕ 5 Р±СЂРѕРЅРёСЂРѕРІР°РЅРёР№
2025-05-19 01:52:13,543 - INFO - Р—Р°РіСЂСѓР¶РµРЅРѕ 18 РѕС‚РµР»РµР№
2025-05-19 01:52:13,545 - INFO - Р—Р°РіСЂСѓР¶РµРЅРѕ 5 СЃРѕС‚СЂСѓРґРЅРёРєРѕРІ
2025-05-19 01:52:13,549 - INFO - Р‘Р°Р·Р° РґР°РЅРЅС‹С… СѓСЃРїРµС€РЅРѕ РёРЅРёС†РёР°Р»РёР·РёСЂРѕРІР°РЅР°
2025-05-19 01:52:13,549 - INFO - РџСЂРёР»РѕР¶РµРЅРёРµ РёРЅРёС†РёР°Р»РёР·РёСЂРѕРІР°РЅРѕ
2025-05-19 01:52:13,698 - INFO - РџСЂРёР»РѕР¶РµРЅРёРµ СѓСЃРїРµС€РЅРѕ Р·Р°РїСѓС‰РµРЅРѕ
2025-05-19 01:52:23,123 - ERROR - РћС€РёР±РєР° С„РѕСЂРјРёСЂРѕРІР°РЅРёСЏ РѕС‚С‡РµС‚Р°: type object 'Client' has no attribute 'name'
2025-05-19 01:53:16,725 - ERROR - РћС€РёР±РєР° РїСЂРё СЃРѕР·РґР°РЅРёРё РѕС‚С‡РµС‚Р° РїРѕ Р±СЂРѕРЅРёСЂРѕРІР°РЅРёСЏРј: type object 'Client' has no attribute 'name'
2025-05-19 01:53:20,209 - INFO - Р‘Р°Р·Р° РґР°РЅРЅС‹С… СѓСЃРїРµС€РЅРѕ РёРЅРёС†РёР°Р»РёР·РёСЂРѕРІР°РЅР°
2025-05-19 01:53:20,685 - INFO - Р—Р°РіСЂСѓР¶РµРЅРѕ 5 РєР»РёРµРЅС‚РѕРІ
2025-05-19 01:53:20,691 - INFO - Р—Р°РіСЂСѓР¶РµРЅРѕ 4 С‚РёРїРѕРІ С‚СѓСЂРѕРІ
2025-05-19 01:53:20,705 - INFO - Р—Р°РіСЂСѓР¶РµРЅРѕ 8 С‚СѓСЂРѕРІ
2025-05-19 01:53:20,728 - INFO - Р—Р°РіСЂСѓР¶РµРЅРѕ 5 Р±СЂРѕРЅРёСЂРѕРІР°РЅРёР№
2025-05-19 01:53:20,746 - INFO - Р—Р°РіСЂСѓР¶РµРЅРѕ 18 РѕС‚РµР»РµР№
2025-05-19 01:53:20,747 - INFO - Р—Р°РіСЂСѓР¶РµРЅРѕ 5 СЃРѕС‚СЂСѓРґРЅРёРєРѕРІ
2025-05-19 01:53:20,754 - INFO - Р‘Р°Р·Р° РґР°РЅРЅС‹С… СѓСЃРїРµС€РЅРѕ РёРЅРёС†РёР°Р»РёР·РёСЂРѕРІР°РЅР°
2025-05-19 01:53:20,754 - INFO - РџСЂРёР»РѕР¶РµРЅРёРµ РёРЅРёС†РёР°Р»РёР·РёСЂРѕРІР°РЅРѕ
2025-05-19 01:53:20,877 - INFO - РџСЂРёР»РѕР¶РµРЅРёРµ СѓСЃРїРµС€РЅРѕ Р·Р°РїСѓС‰РµРЅРѕ
2025-05-19 01:53:25,436 - INFO - РћС‚С‡РµС‚ СЃС„РѕСЂРјРёСЂРѕРІР°РЅ РІ bookings_report.xlsx
2025-05-19 01:53:27,594 - INFO - РЎРѕР·РґР°РЅ РѕС‚С‡РµС‚ РїРѕ Р±СЂРѕРЅРёСЂРѕРІР°РЅРёСЏРј
2025-05-19 10:32:18,230 - INFO - Р‘Р°Р·Р° РґР°РЅРЅС‹С… СѓСЃРїРµС€РЅРѕ РёРЅРёС†РёР°Р»РёР·РёСЂРѕРІР°РЅР°
2025-05-19 10:32:18,832 - INFO - Р—Р°РіСЂСѓР¶РµРЅРѕ 5 РєР»РёРµРЅС‚РѕРІ
2025-05-19 10:32:18,842 - INFO - Р—Р°РіСЂСѓР¶РµРЅРѕ 4 С‚РёРїРѕРІ С‚СѓСЂРѕРІ
2025-05-19 10:32:18,854 - INFO - Р—Р°РіСЂСѓР¶РµРЅРѕ 8 С‚СѓСЂРѕРІ
2025-05-19 10:32:18,884 - INFO - Р—Р°РіСЂСѓР¶РµРЅРѕ 5 Р±СЂРѕРЅРёСЂРѕРІР°РЅРёР№
2025-05-19 10:32:18,913 - INFO - Р—Р°РіСЂСѓР¶РµРЅРѕ 18 РѕС‚РµР»РµР№
2025-05-19 10:32:18,916 - INFO - Р—Р°РіСЂСѓР¶РµРЅРѕ 5 СЃРѕС‚СЂСѓРґРЅРёРєРѕРІ
2025-05-19 10:32:18,922 - INFO - Р‘Р°Р·Р° РґР°РЅРЅС‹С… СѓСЃРїРµС€РЅРѕ РёРЅРёС†РёР°Р»РёР·РёСЂРѕРІР°РЅР°
2025-05-19 10:32:18,922 - INFO - РџСЂРёР»РѕР¶РµРЅРёРµ РёРЅРёС†РёР°Р»РёР·РёСЂРѕРІР°РЅРѕ
2025-05-19 10:32:19,220 - INFO - РџСЂРёР»РѕР¶РµРЅРёРµ СѓСЃРїРµС€РЅРѕ Р·Р°РїСѓС‰РµРЅРѕ
2025-05-19 10:33:23,910 - INFO - Р—Р°РіСЂСѓР¶РµРЅРѕ 4 С‚РёРїРѕРІ С‚СѓСЂРѕРІ
2025-05-19 10:33:44,476 - INFO - Р‘Р°Р·Р° РґР°РЅРЅС‹С… СѓСЃРїРµС€РЅРѕ РёРЅРёС†РёР°Р»РёР·РёСЂРѕРІР°РЅР°
2025-05-19 10:33:45,019 - INFO - Р—Р°РіСЂСѓР¶РµРЅРѕ 5 РєР»РёРµРЅС‚РѕРІ
2025-05-19 10:33:45,026 - INFO - Р—Р°РіСЂСѓР¶РµРЅРѕ 4 С‚РёРїРѕРІ С‚СѓСЂРѕРІ
2025-05-19 10:33:45,037 - INFO - Р—Р°РіСЂСѓР¶РµРЅРѕ 8 С‚СѓСЂРѕРІ
2025-05-19 10:33:45,065 - INFO - Р—Р°РіСЂСѓР¶РµРЅРѕ 5 Р±СЂРѕРЅРёСЂРѕРІР°РЅРёР№
2025-05-19 10:33:45,084 - INFO - Р—Р°РіСЂСѓР¶РµРЅРѕ 18 РѕС‚РµР»РµР№
2025-05-19 10:33:45,086 - INFO - Р—Р°РіСЂСѓР¶РµРЅРѕ 5 СЃРѕС‚СЂСѓРґРЅРёРєРѕРІ
2025-05-19 10:33:45,093 - INFO - Р‘Р°Р·Р° РґР°РЅРЅС‹С… СѓСЃРїРµС€РЅРѕ РёРЅРёС†РёР°Р»РёР·РёСЂРѕРІР°РЅР°
2025-05-19 10:33:45,093 - INFO - РџСЂРёР»РѕР¶РµРЅРёРµ РёРЅРёС†РёР°Р»РёР·РёСЂРѕРІР°РЅРѕ
2025-05-19 10:33:45,247 - INFO - РџСЂРёР»РѕР¶РµРЅРёРµ СѓСЃРїРµС€РЅРѕ Р·Р°РїСѓС‰РµРЅРѕ
2025-05-19 10:34:54,601 - INFO - Р‘Р°Р·Р° РґР°РЅРЅС‹С… СѓСЃРїРµС€РЅРѕ РёРЅРёС†РёР°Р»РёР·РёСЂРѕРІР°РЅР°
2025-05-19 10:34:55,138 - INFO - Р—Р°РіСЂСѓР¶РµРЅРѕ 5 РєР»РёРµРЅС‚РѕРІ
2025-05-19 10:34:55,149 - INFO - Р—Р°РіСЂСѓР¶РµРЅРѕ 4 С‚РёРїРѕРІ С‚СѓСЂРѕРІ
2025-05-19 10:34:55,158 - INFO - Р—Р°РіСЂСѓР¶РµРЅРѕ 8 С‚СѓСЂРѕРІ
2025-05-19 10:34:55,183 - INFO - Р—Р°РіСЂСѓР¶РµРЅРѕ 5 Р±СЂРѕРЅРёСЂРѕРІР°РЅРёР№
2025-05-19 10:34:55,202 - INFO - Р—Р°РіСЂСѓР¶РµРЅРѕ 18 РѕС‚РµР»РµР№
2025-05-19 10:34:55,204 - INFO - Р—Р°РіСЂСѓР¶РµРЅРѕ 5 СЃРѕС‚СЂСѓРґРЅРёРєРѕРІ
2025-05-19 10:34:55,216 - INFO - Р‘Р°Р·Р° РґР°РЅРЅС‹С… СѓСЃРїРµС€РЅРѕ РёРЅРёС†РёР°Р»РёР·РёСЂРѕРІР°РЅР°
2025-05-19 10:34:55,216 - INFO - РџСЂРёР»РѕР¶РµРЅРёРµ РёРЅРёС†РёР°Р»РёР·РёСЂРѕРІР°РЅРѕ
2025-05-19 10:34:55,358 - INFO - РџСЂРёР»РѕР¶РµРЅРёРµ СѓСЃРїРµС€РЅРѕ Р·Р°РїСѓС‰РµРЅРѕ
2025-05-19 10:36:14,646 - INFO - Р—Р°РіСЂСѓР¶РµРЅРѕ 12 СЃС‚СЂР°РЅ РІ РєРѕРјР±РѕР±РѕРєСЃ
2025-05-19 10:36:34,530 - INFO - Р—Р°РіСЂСѓР¶РµРЅРѕ 12 СЃС‚СЂР°РЅ
2025-05-19 10:36:53,108 - INFO - Р—Р°РіСЂСѓР¶РµРЅРѕ 12 СЃС‚СЂР°РЅ РІ РєРѕРјР±РѕР±РѕРєСЃ
2025-05-19 10:36:53,144 - INFO - Р—Р°РіСЂСѓР¶РµРЅРѕ 18 РіРѕСЂРѕРґРѕРІ
2025-05-19 11:37:23,437 - INFO - Р‘Р°Р·Р° РґР°РЅРЅС‹С… СѓСЃРїРµС€РЅРѕ РёРЅРёС†РёР°Р»РёР·РёСЂРѕРІР°РЅР°
2025-05-19 11:37:24,850 - INFO - Р—Р°РіСЂСѓР¶РµРЅРѕ 5 РєР»РёРµРЅС‚РѕРІ
2025-05-19 11:37:24,891 - INFO - Р—Р°РіСЂСѓР¶РµРЅРѕ 4 С‚РёРїРѕРІ С‚СѓСЂРѕРІ
2025-05-19 11:37:24,987 - INFO - Р—Р°РіСЂСѓР¶РµРЅРѕ 8 С‚СѓСЂРѕРІ
2025-05-19 11:37:25,043 - INFO - Р—Р°РіСЂСѓР¶РµРЅРѕ 5 Р±СЂРѕРЅРёСЂРѕРІР°РЅРёР№
2025-05-19 11:37:25,073 - INFO - Р—Р°РіСЂСѓР¶РµРЅРѕ 18 РѕС‚РµР»РµР№
2025-05-19 11:37:25,076 - INFO - Р—Р°РіСЂСѓР¶РµРЅРѕ 5 СЃРѕС‚СЂСѓРґРЅРёРєРѕРІ
2025-05-19 11:37:25,082 - INFO - Р‘Р°Р·Р° РґР°РЅРЅС‹С… СѓСЃРїРµС€РЅРѕ РёРЅРёС†РёР°Р»РёР·РёСЂРѕРІР°РЅР°
2025-05-19 11:37:25,082 - INFO - РџСЂРёР»РѕР¶РµРЅРёРµ РёРЅРёС†РёР°Р»РёР·РёСЂРѕРІР°РЅРѕ
2025-05-19 11:37:25,375 - INFO - РџСЂРёР»РѕР¶РµРЅРёРµ СѓСЃРїРµС€РЅРѕ Р·Р°РїСѓС‰РµРЅРѕ
2025-05-19 11:38:59,499 - INFO - Р‘Р°Р·Р° РґР°РЅРЅС‹С… СѓСЃРїРµС€РЅРѕ РёРЅРёС†РёР°Р»РёР·РёСЂРѕРІР°РЅР°
2025-05-19 11:39:00,466 - INFO - Р—Р°РіСЂСѓР¶РµРЅРѕ 5 РєР»РёРµРЅС‚РѕРІ
2025-05-19 11:39:00,474 - INFO - Р—Р°РіСЂСѓР¶РµРЅРѕ 4 С‚РёРїРѕРІ С‚СѓСЂРѕРІ
2025-05-19 11:39:00,484 - INFO - Р—Р°РіСЂСѓР¶РµРЅРѕ 8 С‚СѓСЂРѕРІ
2025-05-19 11:39:00,504 - INFO - Р—Р°РіСЂСѓР¶РµРЅРѕ 5 Р±СЂРѕРЅРёСЂРѕРІР°РЅРёР№
2025-05-19 11:39:00,517 - INFO - Р—Р°РіСЂСѓР¶РµРЅРѕ 18 РѕС‚РµР»РµР№
2025-05-19 11:39:00,519 - INFO - Р—Р°РіСЂСѓР¶РµРЅРѕ 5 СЃРѕС‚СЂСѓРґРЅРёРєРѕРІ
2025-05-19 11:39:00,523 - INFO - Р‘Р°Р·Р° РґР°РЅРЅС‹С… СѓСЃРїРµС€РЅРѕ РёРЅРёС†РёР°Р»РёР·РёСЂРѕРІР°РЅР°
2025-05-19 11:39:00,524 - INFO - РџСЂРёР»РѕР¶РµРЅРёРµ РёРЅРёС†РёР°Р»РёР·РёСЂРѕРІР°РЅРѕ
2025-05-19 11:39:00,660 - INFO - РџСЂРёР»РѕР¶РµРЅРёРµ СѓСЃРїРµС€РЅРѕ Р·Р°РїСѓС‰РµРЅРѕ
2025-05-19 11:40:42,264 - INFO - Р‘Р°Р·Р° РґР°РЅРЅС‹С… СѓСЃРїРµС€РЅРѕ РёРЅРёС†РёР°Р»РёР·РёСЂРѕРІР°РЅР°
2025-05-19 11:40:42,795 - INFO - Р—Р°РіСЂСѓР¶РµРЅРѕ 5 РєР»РёРµРЅС‚РѕРІ
2025-05-19 11:40:42,803 - INFO - Р—Р°РіСЂСѓР¶РµРЅРѕ 4 С‚РёРїРѕРІ С‚СѓСЂРѕРІ
2025-05-19 11:40:42,818 - INFO - Р—Р°РіСЂСѓР¶РµРЅРѕ 8 С‚СѓСЂРѕРІ
2025-05-19 11:41:25,228 - INFO - Р‘Р°Р·Р° РґР°РЅРЅС‹С… СѓСЃРїРµС€РЅРѕ РёРЅРёС†РёР°Р»РёР·РёСЂРѕРІР°РЅР°
2025-05-19 11:41:25,761 - INFO - Р—Р°РіСЂСѓР¶РµРЅРѕ 5 РєР»РёРµРЅС‚РѕРІ
2025-05-19 11:41:25,771 - INFO - Р—Р°РіСЂСѓР¶РµРЅРѕ 4 С‚РёРїРѕРІ С‚СѓСЂРѕРІ
2025-05-19 11:41:25,779 - INFO - Р—Р°РіСЂСѓР¶РµРЅРѕ 8 С‚СѓСЂРѕРІ
2025-05-19 11:42:37,374 - INFO - Р‘Р°Р·Р° РґР°РЅРЅС‹С… СѓСЃРїРµС€РЅРѕ РёРЅРёС†РёР°Р»РёР·РёСЂРѕРІР°РЅР°
2025-05-19 11:42:37,931 - INFO - Р—Р°РіСЂСѓР¶РµРЅРѕ 5 РєР»РёРµРЅС‚РѕРІ
2025-05-19 11:42:37,941 - INFO - Р—Р°РіСЂСѓР¶РµРЅРѕ 4 С‚РёРїРѕРІ С‚СѓСЂРѕРІ
2025-05-19 11:42:37,951 - INFO - Р—Р°РіСЂСѓР¶РµРЅРѕ 8 С‚СѓСЂРѕРІ
2025-05-19 11:42:37,951 - CRITICAL - РљСЂРёС‚РёС‡РµСЃРєР°СЏ РѕС€РёР±РєР° РїСЂРё Р·Р°РїСѓСЃРєРµ РїСЂРёР»РѕР¶РµРЅРёСЏ: 'NoneType' object has no attribute 'currentTextChanged'
2025-05-19 11:43:31,133 - INFO - Р‘Р°Р·Р° РґР°РЅРЅС‹С… СѓСЃРїРµС€РЅРѕ РёРЅРёС†РёР°Р»РёР·РёСЂРѕРІР°РЅР°
2025-05-19 11:43:31,681 - INFO - Р—Р°РіСЂСѓР¶РµРЅРѕ 5 РєР»РёРµРЅС‚РѕРІ
2025-05-19 11:43:31,686 - INFO - Р—Р°РіСЂСѓР¶РµРЅРѕ 4 С‚РёРїРѕРІ С‚СѓСЂРѕРІ
2025-05-19 11:43:31,703 - INFO - Р—Р°РіСЂСѓР¶РµРЅРѕ 8 С‚СѓСЂРѕРІ
2025-05-19 11:49:32,437 - INFO - Р‘Р°Р·Р° РґР°РЅРЅС‹С… СѓСЃРїРµС€РЅРѕ РёРЅРёС†РёР°Р»РёР·РёСЂРѕРІР°РЅР°
2025-05-19 11:49:33,102 - INFO - Р—Р°РіСЂСѓР¶РµРЅРѕ 5 РєР»РёРµРЅС‚РѕРІ
2025-05-19 11:49:33,107 - INFO - Р—Р°РіСЂСѓР¶РµРЅРѕ 4 С‚РёРїРѕРІ С‚СѓСЂРѕРІ
2025-05-19 11:49:33,116 - INFO - Р—Р°РіСЂСѓР¶РµРЅРѕ 8 С‚СѓСЂРѕРІ
2025-05-19 11:59:23,568 - INFO - Р‘Р°Р·Р° РґР°РЅРЅС‹С… СѓСЃРїРµС€РЅРѕ РёРЅРёС†РёР°Р»РёР·РёСЂРѕРІР°РЅР°
2025-05-19 11:59:24,344 - INFO - Р—Р°РіСЂСѓР¶РµРЅРѕ 5 РєР»РёРµРЅС‚РѕРІ
2025-05-19 11:59:24,349 - INFO - Р—Р°РіСЂСѓР¶РµРЅРѕ 4 С‚РёРїРѕРІ С‚СѓСЂРѕРІ
2025-05-19 11:59:24,366 - INFO - Р—Р°РіСЂСѓР¶РµРЅРѕ 8 С‚СѓСЂРѕРІ
2025-05-19 11:59:24,381 - INFO - Р—Р°РіСЂСѓР¶РµРЅРѕ 5 Р±СЂРѕРЅРёСЂРѕРІР°РЅРёР№
2025-05-19 11:59:24,398 - INFO - Р—Р°РіСЂСѓР¶РµРЅРѕ 18 РѕС‚РµР»РµР№
2025-05-19 11:59:24,400 - INFO - Р—Р°РіСЂСѓР¶РµРЅРѕ 5 СЃРѕС‚СЂСѓРґРЅРёРєРѕРІ
2025-05-19 11:59:24,406 - INFO - Р‘Р°Р·Р° РґР°РЅРЅС‹С… СѓСЃРїРµС€РЅРѕ РёРЅРёС†РёР°Р»РёР·РёСЂРѕРІР°РЅР°
2025-05-19 11:59:24,406 - INFO - РџСЂРёР»РѕР¶РµРЅРёРµ РёРЅРёС†РёР°Р»РёР·РёСЂРѕРІР°РЅРѕ
2025-05-19 11:59:24,619 - INFO - РџСЂРёР»РѕР¶РµРЅРёРµ СѓСЃРїРµС€РЅРѕ Р·Р°РїСѓС‰РµРЅРѕ
2025-05-19 12:03:49,899 - INFO - Р—Р°РіСЂСѓР¶РµРЅРѕ 12 СЃС‚СЂР°РЅ РІ РєРѕРјР±РѕР±РѕРєСЃ
2025-05-19 12:03:53,410 - INFO - Р—Р°РіСЂСѓР¶РµРЅРѕ 12 СЃС‚СЂР°РЅ
2025-05-19 12:04:05,303 - INFO - Р—Р°РіСЂСѓР¶РµРЅРѕ 12 СЃС‚СЂР°РЅ РІ РєРѕРјР±РѕР±РѕРєСЃ
2025-05-19 12:04:05,356 - INFO - Р—Р°РіСЂСѓР¶РµРЅРѕ 18 РіРѕСЂРѕРґРѕРІ
2025-05-19 12:07:11,494 - INFO - Р—Р°РіСЂСѓР¶РµРЅРѕ 12 СЃС‚СЂР°РЅ
2025-05-19 15:10:30,432 - INFO - Р‘Р°Р·Р° РґР°РЅРЅС‹С… СѓСЃРїРµС€РЅРѕ РёРЅРёС†РёР°Р»РёР·РёСЂРѕРІР°РЅР°
2025-05-19 15:10:31,432 - INFO - Р—Р°РіСЂСѓР¶РµРЅРѕ 5 РєР»РёРµРЅС‚РѕРІ
2025-05-19 15:10:31,439 - INFO - Р—Р°РіСЂСѓР¶РµРЅРѕ 4 С‚РёРїРѕРІ С‚СѓСЂРѕРІ
2025-05-19 15:10:31,454 - INFO - Р—Р°РіСЂСѓР¶РµРЅРѕ 8 С‚СѓСЂРѕРІ
2025-05-19 15:10:31,471 - INFO - Р—Р°РіСЂСѓР¶РµРЅРѕ 5 Р±СЂРѕРЅРёСЂРѕРІР°РЅРёР№
2025-05-19 15:10:31,494 - INFO - Р—Р°РіСЂСѓР¶РµРЅРѕ 18 РѕС‚РµР»РµР№
2025-05-19 15:10:31,497 - INFO - Р—Р°РіСЂСѓР¶РµРЅРѕ 5 СЃРѕС‚СЂСѓРґРЅРёРєРѕРІ
2025-05-19 15:10:31,504 - INFO - Р‘Р°Р·Р° РґР°РЅРЅС‹С… СѓСЃРїРµС€РЅРѕ РёРЅРёС†РёР°Р»РёР·РёСЂРѕРІР°РЅР°
2025-05-19 15:10:31,504 - INFO - РџСЂРёР»РѕР¶РµРЅРёРµ РёРЅРёС†РёР°Р»РёР·РёСЂРѕРІР°РЅРѕ
2025-05-19 15:10:31,739 - INFO - РџСЂРёР»РѕР¶РµРЅРёРµ СѓСЃРїРµС€РЅРѕ Р·Р°РїСѓС‰РµРЅРѕ
2025-05-19 15:17:21,324 - INFO - Р‘Р°Р·Р° РґР°РЅРЅС‹С… СѓСЃРїРµС€РЅРѕ РёРЅРёС†РёР°Р»РёР·РёСЂРѕРІР°РЅР°
2025-05-19 15:17:21,927 - INFO - Р—Р°РіСЂСѓР¶РµРЅРѕ 5 РєР»РёРµРЅС‚РѕРІ
2025-05-19 15:17:21,932 - INFO - Р—Р°РіСЂСѓР¶РµРЅРѕ 4 С‚РёРїРѕРІ С‚СѓСЂРѕРІ
2025-05-19 15:17:21,943 - INFO - Р—Р°РіСЂСѓР¶РµРЅРѕ 8 С‚СѓСЂРѕРІ
2025-05-19 15:17:21,958 - INFO - Р—Р°РіСЂСѓР¶РµРЅРѕ 5 Р±СЂРѕРЅРёСЂРѕРІР°РЅРёР№
2025-05-19 15:17:21,977 - INFO - Р—Р°РіСЂСѓР¶РµРЅРѕ 18 РѕС‚РµР»РµР№
2025-05-19 15:17:21,979 - INFO - Р—Р°РіСЂСѓР¶РµРЅРѕ 5 СЃРѕС‚СЂСѓРґРЅРёРєРѕРІ
2025-05-19 15:17:21,984 - INFO - Р‘Р°Р·Р° РґР°РЅРЅС‹С… СѓСЃРїРµС€РЅРѕ РёРЅРёС†РёР°Р»РёР·РёСЂРѕРІР°РЅР°
2025-05-19 15:17:21,984 - INFO - РџСЂРёР»РѕР¶РµРЅРёРµ РёРЅРёС†РёР°Р»РёР·РёСЂРѕРІР°РЅРѕ
2025-05-19 15:17:22,150 - INFO - РџСЂРёР»РѕР¶РµРЅРёРµ СѓСЃРїРµС€РЅРѕ Р·Р°РїСѓС‰РµРЅРѕ
2025-05-19 15:45:02,888 - INFO - Р‘Р°Р·Р° РґР°РЅРЅС‹С… СѓСЃРїРµС€РЅРѕ РёРЅРёС†РёР°Р»РёР·РёСЂРѕРІР°РЅР°
2025-05-19 15:46:55,676 - INFO - Р‘Р°Р·Р° РґР°РЅРЅС‹С… СѓСЃРїРµС€РЅРѕ РёРЅРёС†РёР°Р»РёР·РёСЂРѕРІР°РЅР°
2025-05-19 15:48:09,534 - CRITICAL - РљСЂРёС‚РёС‡РµСЃРєР°СЏ РѕС€РёР±РєР° РїСЂРё Р·Р°РїСѓСЃРєРµ РїСЂРёР»РѕР¶РµРЅРёСЏ: name 'sys' is not defined
2025-05-19 15:48:13,222 - INFO - Р‘Р°Р·Р° РґР°РЅРЅС‹С… СѓСЃРїРµС€РЅРѕ РёРЅРёС†РёР°Р»РёР·РёСЂРѕРІР°РЅР°
2025-05-19 15:48:41,170 - INFO - Р—Р°РіСЂСѓР¶РµРЅРѕ 5 РєР»РёРµРЅС‚РѕРІ
2025-05-19 15:48:41,181 - INFO - Р—Р°РіСЂСѓР¶РµРЅРѕ 4 С‚РёРїРѕРІ С‚СѓСЂРѕРІ
2025-05-19 15:48:41,192 - INFO - Р—Р°РіСЂСѓР¶РµРЅРѕ 8 С‚СѓСЂРѕРІ
2025-05-19 15:48:41,199 - ERROR - РћС€РёР±РєР° SQLAlchemy: (psycopg2.errors.UndefinedColumn) column bookings.is_paid does not exist
LINE 1: ..._total_price, bookings.status AS bookings_status, bookings.i...
                                                             ^

[SQL: SELECT bookings.booking_id AS bookings_booking_id, bookings.client_id AS bookings_client_id, bookings.tour_id AS bookings_tour_id, bookings.employee_id AS bookings_employee_id, bookings.booking_date AS bookings_booking_date, bookings.departure_date AS bookings_departure_date, bookings.return_date AS bookings_return_date, bookings.total_price AS bookings_total_price, bookings.status AS bookings_status, bookings.is_paid AS bookings_is_paid, bookings.has_prepayment AS bookings_has_prepayment 
FROM bookings]
(Background on this error at: https://sqlalche.me/e/20/f405)
2025-05-19 15:48:41,199 - ERROR - РћС€РёР±РєР° РїСЂРё Р·Р°РіСЂСѓР·РєРµ Р±СЂРѕРЅРёСЂРѕРІР°РЅРёР№: РћС€РёР±РєР° Р±Р°Р·С‹ РґР°РЅРЅС‹С…: (psycopg2.errors.UndefinedColumn) column bookings.is_paid does not exist
LINE 1: ..._total_price, bookings.status AS bookings_status, bookings.i...
                                                             ^

[SQL: SELECT bookings.booking_id AS bookings_booking_id, bookings.client_id AS bookings_client_id, bookings.tour_id AS bookings_tour_id, bookings.employee_id AS bookings_employee_id, bookings.booking_date AS bookings_booking_date, bookings.departure_date AS bookings_departure_date, bookings.return_date AS bookings_return_date, bookings.total_price AS bookings_total_price, bookings.status AS bookings_status, bookings.is_paid AS bookings_is_paid, bookings.has_prepayment AS bookings_has_prepayment 
FROM bookings]
(Background on this error at: https://sqlalche.me/e/20/f405)
2025-05-19 15:49:18,840 - INFO - Р”РѕР±Р°РІР»РµРЅР° РєРѕР»РѕРЅРєР° is_paid РІ С‚Р°Р±Р»РёС†Сѓ bookings
2025-05-19 15:49:18,842 - INFO - Р”РѕР±Р°РІР»РµРЅР° РєРѕР»РѕРЅРєР° has_prepayment РІ С‚Р°Р±Р»РёС†Сѓ bookings
2025-05-19 15:49:18,842 - INFO - РњРёРіСЂР°С†РёСЏ СѓСЃРїРµС€РЅРѕ Р·Р°РІРµСЂС€РµРЅР°
2025-05-19 15:49:26,941 - INFO - Р—Р°РіСЂСѓР¶РµРЅРѕ 18 РѕС‚РµР»РµР№
2025-05-19 15:49:26,944 - INFO - Р—Р°РіСЂСѓР¶РµРЅРѕ 5 СЃРѕС‚СЂСѓРґРЅРёРєРѕРІ
2025-05-19 15:49:26,949 - INFO - Р‘Р°Р·Р° РґР°РЅРЅС‹С… СѓСЃРїРµС€РЅРѕ РёРЅРёС†РёР°Р»РёР·РёСЂРѕРІР°РЅР°
2025-05-19 15:49:26,950 - INFO - РџСЂРёР»РѕР¶РµРЅРёРµ РёРЅРёС†РёР°Р»РёР·РёСЂРѕРІР°РЅРѕ
2025-05-19 15:49:26,976 - INFO - РџСЂРёР»РѕР¶РµРЅРёРµ СѓСЃРїРµС€РЅРѕ Р·Р°РїСѓС‰РµРЅРѕ
2025-05-19 15:49:42,736 - INFO - Р‘Р°Р·Р° РґР°РЅРЅС‹С… СѓСЃРїРµС€РЅРѕ РёРЅРёС†РёР°Р»РёР·РёСЂРѕРІР°РЅР°
2025-05-19 15:49:55,142 - INFO - Р—Р°РіСЂСѓР¶РµРЅРѕ 5 РєР»РёРµРЅС‚РѕРІ
2025-05-19 15:49:55,146 - INFO - Р—Р°РіСЂСѓР¶РµРЅРѕ 4 С‚РёРїРѕРІ С‚СѓСЂРѕРІ
2025-05-19 15:49:55,158 - INFO - Р—Р°РіСЂСѓР¶РµРЅРѕ 8 С‚СѓСЂРѕРІ
2025-05-19 15:49:55,173 - INFO - Р—Р°РіСЂСѓР¶РµРЅРѕ 5 Р±СЂРѕРЅРёСЂРѕРІР°РЅРёР№
2025-05-19 15:49:55,190 - INFO - Р—Р°РіСЂСѓР¶РµРЅРѕ 18 РѕС‚РµР»РµР№
2025-05-19 15:49:55,191 - INFO - Р—Р°РіСЂСѓР¶РµРЅРѕ 5 СЃРѕС‚СЂСѓРґРЅРёРєРѕРІ
2025-05-19 15:49:55,198 - INFO - Р‘Р°Р·Р° РґР°РЅРЅС‹С… СѓСЃРїРµС€РЅРѕ РёРЅРёС†РёР°Р»РёР·РёСЂРѕРІР°РЅР°
2025-05-19 15:49:55,198 - INFO - РџСЂРёР»РѕР¶РµРЅРёРµ РёРЅРёС†РёР°Р»РёР·РёСЂРѕРІР°РЅРѕ
2025-05-19 15:49:55,215 - INFO - РџСЂРёР»РѕР¶РµРЅРёРµ СѓСЃРїРµС€РЅРѕ Р·Р°РїСѓС‰РµРЅРѕ
